Format de ligne invalide : 1;-;-;-;-;-;2707288990;0
Format de ligne invalide : 1;1;-;-;-;-;916264250;0
Format de ligne invalide : 1;1;-;-;71;-;0;213302747
Format de ligne invalide : 1;1;1;-;-;-;916264250;0
Format de ligne invalide : 1;-;1;-;61;-;0;226765650
Format de ligne invalide : 1;-;1;1;-;-;241999040;0
Format de ligne invalide : 1;-;-;1;1;-;0;96811846
Format de ligne invalide : 1;-;-;1;-;21;0;28198359
Format de ligne invalide : 1;-;-;1;-;22;0;26074220
Format de ligne invalide : 1;-;-;1;-;23;0;20274618
Format de ligne invalide : 1;-;1;2;-;-;382635838;0
Format de ligne invalide : 1;-;-;2;2;-;0;87678035
Format de ligne invalide : 1;-;-;2;-;24;0;25315611
Format de ligne invalide : 1;-;-;2;-;25;0;27415657
Format de ligne invalide : 1;-;-;2;-;26;0;21164380
Format de ligne invalide : 1;-;1;3;-;-;291629372;0
Format de ligne invalide : 1;-;-;3;3;-;0;87081349
Format de ligne invalide : 1;-;-;3;-;27;0;27439742
Format de ligne invalide : 1;-;-;3;-;28;0;21372652
Format de ligne invalide : 1;-;-;3;-;29;0;22139671
Format de ligne invalide : 1;-;-;3;-;30;0;24395748
Format de ligne invalide : 1;2;-;-;-;-;929226439;0
Format de ligne invalide : 1;2;-;-;72;-;0;199251210
Format de ligne invalide : 1;2;2;-;-;-;262751441;0
Format de ligne invalide : 1;-;2;-;62;-;0;208939617
Format de ligne invalide : 1;-;2;4;-;-;130918331;0
Format de ligne invalide : 1;-;-;4;4;-;0;109863853
Format de ligne invalide : 1;-;-;4;-;31;0;29518559
Format de ligne invalide : 1;-;-;4;-;32;0;26326149
Format de ligne invalide : 1;-;2;5;-;-;131833110;0
Format de ligne invalide : 1;-;-;5;5;-;0;106882485
Format de ligne invalide : 1;-;-;5;-;33;0;26414187
Format de ligne invalide : 1;-;-;5;-;34;0;21655845
Format de ligne invalide : 1;2;3;-;-;-;381686682;0
Format de ligne invalide : 1;-;3;-;63;-;0;162310400
Format de ligne invalide : 1;-;3;6;-;-;161908098;0
Format de ligne invalide : 1;-;-;6;6;-;0;88353050
Format de ligne invalide : 1;-;-;6;7;-;0;108114500
Format de ligne invalide : 1;-;-;6;8;-;0;116481301
Format de ligne invalide : 1;-;-;6;-;35;0;29433897
Format de ligne invalide : 1;-;-;6;-;36;0;21890244
Format de ligne invalide : 1;-;3;7;-;-;219778584;0
Format de ligne invalide : 1;-;-;7;9;-;0;117685819
Format de ligne invalide : 1;-;-;7;-;37;0;25290499
Format de ligne invalide : 1;-;-;7;-;38;0;22207938
Format de ligne invalide : 1;2;4;-;-;-;284788316;0
Format de ligne invalide : 1;-;4;-;64;-;0;178817352
Format de ligne invalide : 1;-;4;8;-;-;152279330;0
Format de ligne invalide : 1;-;-;8;10;-;0;88949037
Format de ligne invalide : 1;-;-;8;11;-;0;105967169
Format de ligne invalide : 1;-;-;8;-;39;0;26540555
Format de ligne invalide : 1;-;-;8;-;40;0;29009581
Format de ligne invalide : 1;-;4;9;-;-;132508986;0
Format de ligne invalide : 1;-;-;9;12;-;0;89254497
Format de ligne invalide : 1;-;-;9;13;-;0;96870145
Format de ligne invalide : 1;-;-;9;-;41;0;25006360
Format de ligne invalide : 1;-;-;9;-;42;0;20329381
Format de ligne invalide : 1;-;-;9;-;43;0;27267861
Format de ligne invalide : 1;3;-;-;-;-;861798301;0
Format de ligne invalide : 1;3;-;-;73;-;0;186855839
Format de ligne invalide : 1;3;-;-;74;-;0;182648550
Format de ligne invalide : 1;3;5;-;-;-;348480321;0
Format de ligne invalide : 1;-;5;-;65;-;0;175388585
Format de ligne invalide : 1;-;5;-;66;-;0;243032031
Format de ligne invalide : 1;-;5;-;67;-;0;232836437
Format de ligne invalide : 1;-;5;10;-;-;200301465;0
Format de ligne invalide : 1;-;-;10;14;-;0;88514679
Format de ligne invalide : 1;-;-;10;-;44;0;23074076
Format de ligne invalide : 1;-;-;10;-;45;0;26514477
Format de ligne invalide : 1;-;-;10;-;46;0;23955876
Format de ligne invalide : 1;-;5;11;-;-;148178856;0
Format de ligne invalide : 1;-;-;11;15;-;0;118776464
Format de ligne invalide : 1;-;-;11;-;47;0;22991281
Format de ligne invalide : 1;-;-;11;-;48;0;29112418
Format de ligne invalide : 1;-;-;11;-;49;0;20794668
Format de ligne invalide : 1;3;6;-;-;-;305062229;0
Format de ligne invalide : 1;-;6;-;68;-;0;204644960
Format de ligne invalide : 1;-;6;12;-;-;122352561;0
Format de ligne invalide : 1;-;-;12;16;-;0;85577082
Format de ligne invalide : 1;-;-;12;-;50;0;22971057
Format de ligne invalide : 1;-;-;12;-;51;0;27317393
Format de ligne invalide : 1;-;6;13;-;-;182709668;0
Format de ligne invalide : 1;-;-;13;17;-;0;121247424
Format de ligne invalide : 1;-;-;13;-;52;0;22490839
Format de ligne invalide : 1;-;-;13;-;53;0;25418298
Format de ligne invalide : 1;-;-;13;-;54;0;26582426
Format de ligne invalide : 1;3;7;-;-;-;208255751;0
Format de ligne invalide : 1;-;7;-;69;-;0;155738803
Format de ligne invalide : 1;-;7;14;-;-;122456466;0
Format de ligne invalide : 1;-;-;14;18;-;0;105726119
Format de ligne invalide : 1;-;-;14;-;55;0;25329713
Format de ligne invalide : 1;-;-;14;-;56;0;25029501
Format de ligne invalide : 1;-;7;15;-;-;85799285;0
Format de ligne invalide : 1;-;-;15;19;-;0;79045317
Format de ligne invalide : 1;-;-;15;-;57;0;24348496
Format de ligne invalide : 1;-;-;15;-;58;0;22983224
Format de ligne invalide : 2;-;-;-;-;-;3292711010;0
Format de ligne invalide : 2;4;-;-;-;-;3292711010;0
Format de ligne invalide : 2;4;-;-;75;-;0;255745631
Format de ligne invalide : 2;4;8;-;-;-;3292711010;0
Format de ligne invalide : 2;-;8;-;70;-;0;242827234
Format de ligne invalide : 2;-;8;16;-;-;3292711010;0
Format de ligne invalide : 2;-;-;16;20;-;0;110945777
Format de ligne invalide : 2;-;-;16;-;59;0;26269182
Format de ligne invalide : 2;-;-;16;-;60;0;25423772
Erreur: Impossible de charger les données depuis tmp/processed.dat
Chargement des données depuis tmp/processed.dat...
